<?xml version="1.0" encoding="UTF-8"?>
<!-- Generated by org.testng.reporters.JUnitReportReporter -->
<testsuite skipped="0" hostname="LAPTOP-UULIG8AC" name="com.nopCommerce.testCases.TC_LoginTest_0011" tests="1" failures="0" timestamp="14 Nov 2022 06:11:11 GMT" time="20.223" errors="0">
  <testcase name="login" time="20.223" classname="com.nopCommerce.testCases.TC_LoginTest_0011"/>
</testsuite> <!-- com.nopCommerce.testCases.TC_LoginTest_0011 -->
