<?xml version="1.0" encoding="UTF-8"?>
<!-- Generated by org.testng.reporters.JUnitReportReporter -->
<testsuite skipped="0" hostname="LAPTOP-UULIG8AC" name="com.nopCommerce.testCases.TC_LoginTest_001" tests="1" failures="0" timestamp="14 Nov 2022 13:46:58 GMT" time="22.839" errors="0">
  <testcase name="LoginTest" time="22.839" classname="com.nopCommerce.testCases.TC_LoginTest_001"/>
</testsuite> <!-- com.nopCommerce.testCases.TC_LoginTest_001 -->
